<?xml version="1.0" encoding="UTF-8"?>
<testng-results skipped="0" failed="0" total="1" passed="1">
  <reporter-output>
  </reporter-output>
  <suite name="Default suite" duration-ms="63" started-at="2021-12-15T10:04:55Z" finished-at="2021-12-15T10:04:55Z">
    <groups>
    </groups>
    <test name="Default test" duration-ms="63" started-at="2021-12-15T10:04:55Z" finished-at="2021-12-15T10:04:55Z">
      <class name="com.crm.Vtiger.SmokeTest">
        <test-method status="PASS" signature="smoketest()[pri:0, instance:com.crm.Vtiger.SmokeTest@3d9750]" name="smoketest" duration-ms="31" started-at="2021-12-15T15:34:55Z" finished-at="2021-12-15T15:34:55Z">
          <reporter-output>
          </reporter-output>
        </test-method> <!-- smoketest -->
      </class> <!-- com.crm.Vtiger.SmokeTest -->
    </test> <!-- Default test -->
  </suite> <!-- Default suite -->
</testng-results>
